Analysis & Synthesis report for RegistersBank
Thu Apr 07 19:52:47 2016
Quartus II 64-Bit Version 13.0.1 Build 232 06/12/2013 Service Pack 1 SJ Web Edition


---------------------
; Table of Contents ;
---------------------
  1. Legal Notice
  2. Analysis & Synthesis Summary
  3. Analysis & Synthesis Settings
  4. Parallel Compilation
  5. Analysis & Synthesis Source Files Read
  6. Analysis & Synthesis Resource Usage Summary
  7. Analysis & Synthesis Resource Utilization by Entity
  8. Registers Removed During Synthesis
  9. General Register Statistics
 10. Multiplexer Restructuring Statistics (Restructuring Performed)
 11. Port Connectivity Checks: "Sumador_32b:elemento_1"
 12. Elapsed Time Per Partition
 13. Analysis & Synthesis Messages



----------------
; Legal Notice ;
----------------
Copyright (C) 1991-2013 Altera Corporation
Your use of Altera Corporation's design tools, logic functions 
and other software and tools, and its AMPP partner logic 
functions, and any output files from any of the foregoing 
(including device programming or simulation files), and any 
associated documentation or information are expressly subject 
to the terms and conditions of the Altera Program License 
Subscription Agreement, Altera MegaCore Function License 
Agreement, or other applicable license agreement, including, 
without limitation, that your use is for the sole purpose of 
programming logic devices manufactured by Altera and sold by 
Altera or its authorized distributors.  Please refer to the 
applicable agreement for further details.



+--------------------------------------------------------------------------------------+
; Analysis & Synthesis Summary                                                         ;
+------------------------------------+-------------------------------------------------+
; Analysis & Synthesis Status        ; Successful - Thu Apr 07 19:52:47 2016           ;
; Quartus II 64-Bit Version          ; 13.0.1 Build 232 06/12/2013 SP 1 SJ Web Edition ;
; Revision Name                      ; RegistersBank                                   ;
; Top-level Entity Name              ; RegistersBank                                   ;
; Family                             ; Cyclone II                                      ;
; Total logic elements               ; 1,295                                           ;
;     Total combinational functions  ; 719                                             ;
;     Dedicated logic registers      ; 672                                             ;
; Total registers                    ; 672                                             ;
; Total pins                         ; 144                                             ;
; Total virtual pins                 ; 0                                               ;
; Total memory bits                  ; 0                                               ;
; Embedded Multiplier 9-bit elements ; 0                                               ;
; Total PLLs                         ; 0                                               ;
+------------------------------------+-------------------------------------------------+


+----------------------------------------------------------------------------------------------------------------------+
; Analysis & Synthesis Settings                                                                                        ;
+----------------------------------------------------------------------------+--------------------+--------------------+
; Option                                                                     ; Setting            ; Default Value      ;
+----------------------------------------------------------------------------+--------------------+--------------------+
; Device                                                                     ; EP2C70F896C6       ;                    ;
; Top-level entity name                                                      ; RegistersBank      ; RegistersBank      ;
; Family name                                                                ; Cyclone II         ; Cyclone IV GX      ;
; Use smart compilation                                                      ; Off                ; Off                ;
; Enable parallel Assembler and TimeQuest Timing Analyzer during compilation ; On                 ; On                 ;
; Enable compact report table                                                ; Off                ; Off                ;
; Restructure Multiplexers                                                   ; Auto               ; Auto               ;
; Create Debugging Nodes for IP Cores                                        ; Off                ; Off                ;
; Preserve fewer node names                                                  ; On                 ; On                 ;
; Disable OpenCore Plus hardware evaluation                                  ; Off                ; Off                ;
; Verilog Version                                                            ; Verilog_2001       ; Verilog_2001       ;
; VHDL Version                                                               ; VHDL_1993          ; VHDL_1993          ;
; State Machine Processing                                                   ; Auto               ; Auto               ;
; Safe State Machine                                                         ; Off                ; Off                ;
; Extract Verilog State Machines                                             ; On                 ; On                 ;
; Extract VHDL State Machines                                                ; On                 ; On                 ;
; Ignore Verilog initial constructs                                          ; Off                ; Off                ;
; Iteration limit for constant Verilog loops                                 ; 5000               ; 5000               ;
; Iteration limit for non-constant Verilog loops                             ; 250                ; 250                ;
; Add Pass-Through Logic to Inferred RAMs                                    ; On                 ; On                 ;
; Infer RAMs from Raw Logic                                                  ; On                 ; On                 ;
; Parallel Synthesis                                                         ; On                 ; On                 ;
; DSP Block Balancing                                                        ; Auto               ; Auto               ;
; NOT Gate Push-Back                                                         ; On                 ; On                 ;
; Power-Up Don't Care                                                        ; On                 ; On                 ;
; Remove Redundant Logic Cells                                               ; Off                ; Off                ;
; Remove Duplicate Registers                                                 ; On                 ; On                 ;
; Ignore CARRY Buffers                                                       ; Off                ; Off                ;
; Ignore CASCADE Buffers                                                     ; Off                ; Off                ;
; Ignore GLOBAL Buffers                                                      ; Off                ; Off                ;
; Ignore ROW GLOBAL Buffers                                                  ; Off                ; Off                ;
; Ignore LCELL Buffers                                                       ; Off                ; Off                ;
; Ignore SOFT Buffers                                                        ; On                 ; On                 ;
; Limit AHDL Integers to 32 Bits                                             ; Off                ; Off                ;
; Optimization Technique                                                     ; Balanced           ; Balanced           ;
; Carry Chain Length                                                         ; 70                 ; 70                 ;
; Auto Carry Chains                                                          ; On                 ; On                 ;
; Auto Open-Drain Pins                                                       ; On                 ; On                 ;
; Perform WYSIWYG Primitive Resynthesis                                      ; Off                ; Off                ;
; Auto ROM Replacement                                                       ; On                 ; On                 ;
; Auto RAM Replacement                                                       ; On                 ; On                 ;
; Auto Shift Register Replacement                                            ; Auto               ; Auto               ;
; Allow Shift Register Merging across Hierarchies                            ; Auto               ; Auto               ;
; Auto Clock Enable Replacement                                              ; On                 ; On                 ;
; Strict RAM Replacement                                                     ; Off                ; Off                ;
; Allow Synchronous Control Signals                                          ; On                 ; On                 ;
; Force Use of Synchronous Clear Signals                                     ; Off                ; Off                ;
; Auto RAM to Logic Cell Conversion                                          ; Off                ; Off                ;
; Auto Resource Sharing                                                      ; Off                ; Off                ;
; Allow Any RAM Size For Recognition                                         ; Off                ; Off                ;
; Allow Any ROM Size For Recognition                                         ; Off                ; Off                ;
; Allow Any Shift Register Size For Recognition                              ; Off                ; Off                ;
; Use LogicLock Constraints during Resource Balancing                        ; On                 ; On                 ;
; Ignore translate_off and synthesis_off directives                          ; Off                ; Off                ;
; Timing-Driven Synthesis                                                    ; Off                ; Off                ;
; Report Parameter Settings                                                  ; On                 ; On                 ;
; Report Source Assignments                                                  ; On                 ; On                 ;
; Report Connectivity Checks                                                 ; On                 ; On                 ;
; Ignore Maximum Fan-Out Assignments                                         ; Off                ; Off                ;
; Synchronization Register Chain Length                                      ; 2                  ; 2                  ;
; PowerPlay Power Optimization                                               ; Normal compilation ; Normal compilation ;
; HDL message level                                                          ; Level2             ; Level2             ;
; Suppress Register Optimization Related Messages                            ; Off                ; Off                ;
; Number of Removed Registers Reported in Synthesis Report                   ; 5000               ; 5000               ;
; Number of Swept Nodes Reported in Synthesis Report                         ; 5000               ; 5000               ;
; Number of Inverted Registers Reported in Synthesis Report                  ; 100                ; 100                ;
; Clock MUX Protection                                                       ; On                 ; On                 ;
; Auto Gated Clock Conversion                                                ; Off                ; Off                ;
; Block Design Naming                                                        ; Auto               ; Auto               ;
; SDC constraint protection                                                  ; Off                ; Off                ;
; Synthesis Effort                                                           ; Auto               ; Auto               ;
; Shift Register Replacement - Allow Asynchronous Clear Signal               ; On                 ; On                 ;
; Pre-Mapping Resynthesis Optimization                                       ; Off                ; Off                ;
; Analysis & Synthesis Message Level                                         ; Medium             ; Medium             ;
; Disable Register Merging Across Hierarchies                                ; Auto               ; Auto               ;
; Resource Aware Inference For Block RAM                                     ; On                 ; On                 ;
; Synthesis Seed                                                             ; 1                  ; 1                  ;
+----------------------------------------------------------------------------+--------------------+--------------------+


Parallel compilation was disabled, but you have multiple processors available. Enable parallel compilation to reduce compilation time.
+-------------------------------------+
; Parallel Compilation                ;
+----------------------------+--------+
; Processors                 ; Number ;
+----------------------------+--------+
; Number detected on machine ; 4      ;
; Maximum allowed            ; 1      ;
+----------------------------+--------+


+-------------------------------------------------------------------------------------------------------------------------------------------------------------------------------------------------------------------------------------------------------+
; Analysis & Synthesis Source Files Read                                                                                                                                                                                                                ;
+----------------------------------------------------------+-----------------+-----------------+----------------------------------------------------------------------------------------------------------------------------------------------+---------+
; File Name with User-Entered Path                         ; Used in Netlist ; File Type       ; File Name with Absolute Path                                                                                                                 ; Library ;
+----------------------------------------------------------+-----------------+-----------------+----------------------------------------------------------------------------------------------------------------------------------------------+---------+
; ../ALU/Sumador_CarryLookahead/Sumador_CarryLookahead.vhd ; yes             ; User VHDL File  ; C:/Users/manuel/Documents/ITESM/VI semestre/Arquitectura de computadoras/Micro ARM 32b/ALU/Sumador_CarryLookahead/Sumador_CarryLookahead.vhd ;         ;
; ../ALU/Sumador_32b/Sumador_32b.vhd                       ; yes             ; User VHDL File  ; C:/Users/manuel/Documents/ITESM/VI semestre/Arquitectura de computadoras/Micro ARM 32b/ALU/Sumador_32b/Sumador_32b.vhd                       ;         ;
; RegistersBank.vhd                                        ; yes             ; User VHDL File  ; C:/Users/manuel/Documents/ITESM/VI semestre/Arquitectura de computadoras/Micro ARM 32b/Banco de registros/RegistersBank.vhd                  ;         ;
+----------------------------------------------------------+-----------------+-----------------+----------------------------------------------------------------------------------------------------------------------------------------------+---------+


+-----------------------------------------------------+
; Analysis & Synthesis Resource Usage Summary         ;
+---------------------------------------------+-------+
; Resource                                    ; Usage ;
+---------------------------------------------+-------+
; Estimated Total logic elements              ; 1,295 ;
;                                             ;       ;
; Total combinational functions               ; 719   ;
; Logic element usage by number of LUT inputs ;       ;
;     -- 4 input functions                    ; 680   ;
;     -- 3 input functions                    ; 29    ;
;     -- <=2 input functions                  ; 10    ;
;                                             ;       ;
; Logic elements by mode                      ;       ;
;     -- normal mode                          ; 719   ;
;     -- arithmetic mode                      ; 0     ;
;                                             ;       ;
; Total registers                             ; 672   ;
;     -- Dedicated logic registers            ; 672   ;
;     -- I/O registers                        ; 0     ;
;                                             ;       ;
; I/O pins                                    ; 144   ;
; Embedded Multiplier 9-bit elements          ; 0     ;
; Maximum fan-out node                        ; CLK   ;
; Maximum fan-out                             ; 672   ;
; Total fan-out                               ; 4904  ;
; Average fan-out                             ; 3.19  ;
+---------------------------------------------+-------+


+------------------------------------------------------------------------------------------------------------------------------------------------------------------------------------------------------------------------------------------------+
; Analysis & Synthesis Resource Utilization by Entity                                                                                                                                                                                            ;
+-------------------------------------------+-------------------+--------------+-------------+--------------+---------+-----------+------+--------------+-------------------------------------------------------------------------+--------------+
; Compilation Hierarchy Node                ; LC Combinationals ; LC Registers ; Memory Bits ; DSP Elements ; DSP 9x9 ; DSP 18x18 ; Pins ; Virtual Pins ; Full Hierarchy Name                                                     ; Library Name ;
+-------------------------------------------+-------------------+--------------+-------------+--------------+---------+-----------+------+--------------+-------------------------------------------------------------------------+--------------+
; |RegistersBank                            ; 719 (674)         ; 672 (640)    ; 0           ; 0            ; 0       ; 0         ; 144  ; 0            ; |RegistersBank                                                          ; work         ;
;    |Sumador_32b:elemento_1|               ; 45 (0)            ; 32 (32)      ; 0           ; 0            ; 0       ; 0         ; 0    ; 0            ; |RegistersBank|Sumador_32b:elemento_1                                   ; work         ;
;       |Sumador_CarryLookahead:elemento_1| ; 4 (4)             ; 0 (0)        ; 0           ; 0            ; 0       ; 0         ; 0    ; 0            ; |RegistersBank|Sumador_32b:elemento_1|Sumador_CarryLookahead:elemento_1 ; work         ;
;       |Sumador_CarryLookahead:elemento_2| ; 5 (5)             ; 0 (0)        ; 0           ; 0            ; 0       ; 0         ; 0    ; 0            ; |RegistersBank|Sumador_32b:elemento_1|Sumador_CarryLookahead:elemento_2 ; work         ;
;       |Sumador_CarryLookahead:elemento_3| ; 6 (6)             ; 0 (0)        ; 0           ; 0            ; 0       ; 0         ; 0    ; 0            ; |RegistersBank|Sumador_32b:elemento_1|Sumador_CarryLookahead:elemento_3 ; work         ;
;       |Sumador_CarryLookahead:elemento_4| ; 7 (7)             ; 0 (0)        ; 0           ; 0            ; 0       ; 0         ; 0    ; 0            ; |RegistersBank|Sumador_32b:elemento_1|Sumador_CarryLookahead:elemento_4 ; work         ;
;       |Sumador_CarryLookahead:elemento_5| ; 5 (5)             ; 0 (0)        ; 0           ; 0            ; 0       ; 0         ; 0    ; 0            ; |RegistersBank|Sumador_32b:elemento_1|Sumador_CarryLookahead:elemento_5 ; work         ;
;       |Sumador_CarryLookahead:elemento_6| ; 6 (6)             ; 0 (0)        ; 0           ; 0            ; 0       ; 0         ; 0    ; 0            ; |RegistersBank|Sumador_32b:elemento_1|Sumador_CarryLookahead:elemento_6 ; work         ;
;       |Sumador_CarryLookahead:elemento_7| ; 7 (7)             ; 0 (0)        ; 0           ; 0            ; 0       ; 0         ; 0    ; 0            ; |RegistersBank|Sumador_32b:elemento_1|Sumador_CarryLookahead:elemento_7 ; work         ;
;       |Sumador_CarryLookahead:elemento_8| ; 5 (5)             ; 0 (0)        ; 0           ; 0            ; 0       ; 0         ; 0    ; 0            ; |RegistersBank|Sumador_32b:elemento_1|Sumador_CarryLookahead:elemento_8 ; work         ;
+-------------------------------------------+-------------------+--------------+-------------+--------------+---------+-----------+------+--------------+-------------------------------------------------------------------------+--------------+
Note: For table entries with two numbers listed, the numbers in parentheses indicate the number of resources of the given type used by the specific entity alone. The numbers listed outside of parentheses indicate the total resources of the given type used by the specific entity and all of its sub-entities in the hierarchy.


+---------------------------------------------------------------------------------+
; Registers Removed During Synthesis                                              ;
+----------------------------------------+----------------------------------------+
; Register name                          ; Reason for Removal                     ;
+----------------------------------------+----------------------------------------+
; Sumador_32b:elemento_1|Btemp[0..31]    ; Stuck at GND due to stuck port data_in ;
; Sumador_32b:elemento_1|CinTemp         ; Stuck at VCC due to stuck port data_in ;
; Total Number of Removed Registers = 33 ;                                        ;
+----------------------------------------+----------------------------------------+


+------------------------------------------------------+
; General Register Statistics                          ;
+----------------------------------------------+-------+
; Statistic                                    ; Value ;
+----------------------------------------------+-------+
; Total registers                              ; 672   ;
; Number of registers using Synchronous Clear  ; 0     ;
; Number of registers using Synchronous Load   ; 31    ;
; Number of registers using Asynchronous Clear ; 0     ;
; Number of registers using Asynchronous Load  ; 0     ;
; Number of registers using Clock Enable       ; 575   ;
; Number of registers using Preset             ; 0     ;
+----------------------------------------------+-------+


+-----------------------------------------------------------------------------------------------------------------------------------------------+
; Multiplexer Restructuring Statistics (Restructuring Performed)                                                                                ;
+--------------------+-----------+---------------+----------------------+------------------------+------------+---------------------------------+
; Multiplexer Inputs ; Bus Width ; Baseline Area ; Area if Restructured ; Saving if Restructured ; Registered ; Example Multiplexer Output      ;
+--------------------+-----------+---------------+----------------------+------------------------+------------+---------------------------------+
; 16:1               ; 32 bits   ; 320 LEs       ; 320 LEs              ; 0 LEs                  ; Yes        ; |RegistersBank|Rn[0]~reg0       ;
; 16:1               ; 32 bits   ; 320 LEs       ; 320 LEs              ; 0 LEs                  ; Yes        ; |RegistersBank|Rm[0]~reg0       ;
; 5:1                ; 32 bits   ; 96 LEs        ; 32 LEs               ; 64 LEs                 ; Yes        ; |RegistersBank|registers[15][0] ;
+--------------------+-----------+---------------+----------------------+------------------------+------------+---------------------------------+


+----------------------------------------------------------------------------------------------------------------+
; Port Connectivity Checks: "Sumador_32b:elemento_1"                                                             ;
+------+--------+----------+-------------------------------------------------------------------------------------+
; Port ; Type   ; Severity ; Details                                                                             ;
+------+--------+----------+-------------------------------------------------------------------------------------+
; b    ; Input  ; Info     ; Stuck at GND                                                                        ;
; cin  ; Input  ; Info     ; Stuck at VCC                                                                        ;
; sel  ; Input  ; Info     ; Stuck at GND                                                                        ;
; cout ; Output ; Info     ; Connected to dangling logic. Logic that only feeds a dangling port will be removed. ;
+------+--------+----------+-------------------------------------------------------------------------------------+


+-------------------------------+
; Elapsed Time Per Partition    ;
+----------------+--------------+
; Partition Name ; Elapsed Time ;
+----------------+--------------+
; Top            ; 00:00:01     ;
+----------------+--------------+


+-------------------------------+
; Analysis & Synthesis Messages ;
+-------------------------------+
Info: *******************************************************************
Info: Running Quartus II 64-Bit Analysis & Synthesis
    Info: Version 13.0.1 Build 232 06/12/2013 Service Pack 1 SJ Web Edition
    Info: Processing started: Thu Apr 07 19:52:44 2016
Info: Command: quartus_map --read_settings_files=on --write_settings_files=off RegistersBank -c RegistersBank
Warning (20028): Parallel compilation is not licensed and has been disabled
Info (12021): Found 2 design units, including 1 entities, in source file /users/manuel/documents/itesm/vi semestre/arquitectura de computadoras/micro arm 32b/alu/sumador_carrylookahead/sumador_carrylookahead.vhd
    Info (12022): Found design unit 1: Sumador_CarryLookahead-RTL
    Info (12023): Found entity 1: Sumador_CarryLookahead
Info (12021): Found 2 design units, including 1 entities, in source file /users/manuel/documents/itesm/vi semestre/arquitectura de computadoras/micro arm 32b/alu/sumador_32b/sumador_32b.vhd
    Info (12022): Found design unit 1: Sumador_32b-RTL
    Info (12023): Found entity 1: Sumador_32b
Info (12021): Found 2 design units, including 1 entities, in source file registersbank.vhd
    Info (12022): Found design unit 1: registersBank-RTL
    Info (12023): Found entity 1: RegistersBank
Info (12127): Elaborating entity "RegistersBank" for the top level hierarchy
Warning (10540): VHDL Signal Declaration warning at RegistersBank.vhd(37): used explicit default value for signal "cero" because signal was never assigned a value
Info (12128): Elaborating entity "Sumador_32b" for hierarchy "Sumador_32b:elemento_1"
Info (12128): Elaborating entity "Sumador_CarryLookahead" for hierarchy "Sumador_32b:elemento_1|Sumador_CarryLookahead:elemento_1"
Warning (10492): VHDL Process Statement warning at Sumador_CarryLookahead.vhd(28): signal "g" is read inside the Process Statement but isn't in the Process Statement's sensitivity list
Warning (10492): VHDL Process Statement warning at Sumador_CarryLookahead.vhd(28): signal "p" is read inside the Process Statement but isn't in the Process Statement's sensitivity list
Warning (10492): VHDL Process Statement warning at Sumador_CarryLookahead.vhd(30): signal "g" is read inside the Process Statement but isn't in the Process Statement's sensitivity list
Warning (10492): VHDL Process Statement warning at Sumador_CarryLookahead.vhd(30): signal "p" is read inside the Process Statement but isn't in the Process Statement's sensitivity list
Warning (10492): VHDL Process Statement warning at Sumador_CarryLookahead.vhd(33): signal "g" is read inside the Process Statement but isn't in the Process Statement's sensitivity list
Warning (10492): VHDL Process Statement warning at Sumador_CarryLookahead.vhd(33): signal "p" is read inside the Process Statement but isn't in the Process Statement's sensitivity list
Warning (10492): VHDL Process Statement warning at Sumador_CarryLookahead.vhd(36): signal "g" is read inside the Process Statement but isn't in the Process Statement's sensitivity list
Warning (10492): VHDL Process Statement warning at Sumador_CarryLookahead.vhd(36): signal "p" is read inside the Process Statement but isn't in the Process Statement's sensitivity list
Warning (10492): VHDL Process Statement warning at Sumador_CarryLookahead.vhd(41): signal "c1" is read inside the Process Statement but isn't in the Process Statement's sensitivity list
Warning (10492): VHDL Process Statement warning at Sumador_CarryLookahead.vhd(42): signal "c2" is read inside the Process Statement but isn't in the Process Statement's sensitivity list
Warning (10492): VHDL Process Statement warning at Sumador_CarryLookahead.vhd(43): signal "c3" is read inside the Process Statement but isn't in the Process Statement's sensitivity list
Info (16010): Generating hard_block partition "hard_block:auto_generated_inst"
    Info (16011): Adding 0 node(s), including 0 DDIO, 0 PLL, 0 transceiver and 0 LCELL
Info (21057): Implemented 1439 device resources after synthesis - the final resource count might be different
    Info (21058): Implemented 48 input pins
    Info (21059): Implemented 96 output pins
    Info (21061): Implemented 1295 logic cells
Info: Quartus II 64-Bit Analysis & Synthesis was successful. 0 errors, 13 warnings
    Info: Peak virtual memory: 535 megabytes
    Info: Processing ended: Thu Apr 07 19:52:47 2016
    Info: Elapsed time: 00:00:03
    Info: Total CPU time (on all processors): 00:00:03


